Determining if the pthread_create exist failed with the following output:
Change Dir: /home/abhishek/dlib-19.4/build/CMakeFiles/CMakeTmp

Run Build Command:"/usr/bin/make" "cmTC_1113f/fast"
/usr/bin/make -f CMakeFiles/cmTC_1113f.dir/build.make CMakeFiles/cmTC_1113f.dir/build
make[1]: Entering directory '/home/abhishek/dlib-19.4/build/CMakeFiles/CMakeTmp'
Building C object CMakeFiles/cmTC_1113f.dir/CheckSymbolExists.c.o
/usr/bin/cc     -o CMakeFiles/cmTC_1113f.dir/CheckSymbolExists.c.o   -c /home/abhishek/dlib-19.4/build/CMakeFiles/CMakeTmp/CheckSymbolExists.c
Linking C executable cmTC_1113f
/usr/bin/cmake -E cmake_link_script CMakeFiles/cmTC_1113f.dir/link.txt --verbose=1
/usr/bin/cc       CMakeFiles/cmTC_1113f.dir/CheckSymbolExists.c.o  -o cmTC_1113f -rdynamic 
CMakeFiles/cmTC_1113f.dir/CheckSymbolExists.c.o: In function `main':
CheckSymbolExists.c:(.text+0x1b): undefined reference to `pthread_create'
collect2: error: ld returned 1 exit status
CMakeFiles/cmTC_1113f.dir/build.make:97: recipe for target 'cmTC_1113f' failed
make[1]: *** [cmTC_1113f] Error 1
make[1]: Leaving directory '/home/abhishek/dlib-19.4/build/CMakeFiles/CMakeTmp'
Makefile:126: recipe for target 'cmTC_1113f/fast' failed
make: *** [cmTC_1113f/fast] Error 2

File /home/abhishek/dlib-19.4/build/CMakeFiles/CMakeTmp/CheckSymbolExists.c:
/* */
#include <pthread.h>

int main(int argc, char** argv)
{
  (void)argv;
#ifndef pthread_create
  return ((int*)(&pthread_create))[argc];
#else
  (void)argc;
  return 0;
#endif
}

Determining if the function pthread_create exists in the pthreads failed with the following output:
Change Dir: /home/abhishek/dlib-19.4/build/CMakeFiles/CMakeTmp

Run Build Command:"/usr/bin/make" "cmTC_bd3a1/fast"
/usr/bin/make -f CMakeFiles/cmTC_bd3a1.dir/build.make CMakeFiles/cmTC_bd3a1.dir/build
make[1]: Entering directory '/home/abhishek/dlib-19.4/build/CMakeFiles/CMakeTmp'
Building C object CMakeFiles/cmTC_bd3a1.dir/CheckFunctionExists.c.o
/usr/bin/cc    -DCHECK_FUNCTION_EXISTS=pthread_create   -o CMakeFiles/cmTC_bd3a1.dir/CheckFunctionExists.c.o   -c /usr/share/cmake-3.7/Modules/CheckFunctionExists.c
Linking C executable cmTC_bd3a1
/usr/bin/cmake -E cmake_link_script CMakeFiles/cmTC_bd3a1.dir/link.txt --verbose=1
/usr/bin/cc   -DCHECK_FUNCTION_EXISTS=pthread_create    CMakeFiles/cmTC_bd3a1.dir/CheckFunctionExists.c.o  -o cmTC_bd3a1 -rdynamic -lpthreads 
/usr/bin/ld: cannot find -lpthreads
collect2: error: ld returned 1 exit status
CMakeFiles/cmTC_bd3a1.dir/build.make:97: recipe for target 'cmTC_bd3a1' failed
make[1]: *** [cmTC_bd3a1] Error 1
make[1]: Leaving directory '/home/abhishek/dlib-19.4/build/CMakeFiles/CMakeTmp'
Makefile:126: recipe for target 'cmTC_bd3a1/fast' failed
make: *** [cmTC_bd3a1/fast] Error 2


